[36mvite v8.0.8 [32mbuilding client environment for production...[36m[39m
[2K
transforming... 3021 modules transformed.
rendering chunks...
computing gzip size...
dist/index.html                                       1.03 kB  gzip:   0.46 kB
dist/assets/index-BBj2-Gg_.css                      148.29 kB  gzip:  19.99 kB
dist/assets/webworkerAll-CG4JXX03.js                  0.06 kB  gzip:   0.07 kB
dist/assets/WebGLRenderer-CF4uZfOH.js                 0.06 kB  gzip:   0.08 kB
dist/assets/CanvasRenderer-BKa1sNy0.js                0.06 kB  gzip:   0.08 kB
dist/assets/WebGPURenderer-Ruun5hOl.js                0.06 kB  gzip:   0.08 kB
dist/assets/init-D71iX8U2.js                          0.12 kB  gzip:   0.12 kB
dist/assets/browserAll-OTGtu_pa.js                    0.24 kB  gzip:   0.18 kB
dist/assets/getTextureBatchBindGroup-CsIzG-S6.js      0.34 kB  gzip:   0.26 kB
dist/assets/CanvasPool-DIkBY27F.js                    0.75 kB  gzip:   0.41 kB
dist/assets/canvasUtils-TO4dUXVY.js                   6.02 kB  gzip:   2.04 kB
dist/assets/BufferResource-uh4UQE8K.js               10.52 kB  gzip:   2.78 kB
dist/assets/FilterSystem-CsNjPcsd.js                 40.25 kB  gzip:  13.03 kB
dist/assets/FederatedEventTarget-5ltll0i8.js         42.51 kB  gzip:  11.05 kB
dist/assets/RenderTargetSystem-CcZwJgVK.js           77.11 kB  gzip:  22.64 kB
dist/assets/Geometry-CnC7wKGP.js                    101.76 kB  gzip:  31.19 kB
dist/assets/index-BCDmcXrN.js                     2,030.20 kB  gzip: 542.80 kB

[plugin builtin:vite-reporter] 
(!) Some chunks are larger than 500 kB after minification. Consider:
- Using dynamic import() to code-split the application
- Use build.rolldownOptions.output.codeSplitting to improve chunking: https://rolldown.rs/reference/OutputOptions.codeSplitting
- Adjust chunk size limit for this warning via build.chunkSizeWarningLimit.
[32m built in 1.17s[39m
